<?xml version="1.0" encoding="UTF-8"?>
<!-- Generated by org.testng.reporters.JUnitReportReporter -->
<testsuite skipped="0" hostname="DESKTOP-8N103DC" name="testNG.JuzneVesti" tests="2" failures="0" timestamp="2019-11-22T21:06:55 CET" time="35.164" errors="0">
  <testcase name="verifyProkuplje" time="20.886" classname="testNG.JuzneVesti"/>
  <testcase name="verifyLeskovac" time="14.278" classname="testNG.JuzneVesti"/>
</testsuite> <!-- testNG.JuzneVesti -->
