<?xml version="1.0" encoding="UTF-8"?>
<!-- Generated by org.testng.reporters.JUnitReportReporter -->
<testsuite skipped="0" hostname="DESKTOP-8N103DC" name="tests.TravelsCarsExtrasTest" tests="2" failures="0" timestamp="2019-12-13T20:35:42 CET" time="33.058" errors="0">
  <testcase name="addExtras" time="26.851" classname="tests.TravelsCarsExtrasTest"/>
  <testcase name="lettersInPriceInput" time="6.207" classname="tests.TravelsCarsExtrasTest"/>
</testsuite> <!-- tests.TravelsCarsExtrasTest -->
