<?xml version="1.0" encoding="UTF-8"?>
<!-- Generated by org.testng.reporters.JUnitReportReporter -->
<testsuite skipped="0" hostname="DESKTOP-8N103DC" name="testNG.DrzaveUEclipseu" tests="1" failures="0" timestamp="2019-11-21T21:14:43 CET" time="8.411" errors="0">
  <testcase name="KolikoZemalja" time="8.411" classname="testNG.DrzaveUEclipseu"/>
</testsuite> <!-- testNG.DrzaveUEclipseu -->
