<?xml version="1.0" encoding="UTF-8"?>
<!-- Generated by org.testng.reporters.JUnitReportReporter -->
<testsuite skipped="0" hostname="DESKTOP-8N103DC" name="tests.LoginTest" tests="2" failures="0" timestamp="2019-12-13T19:12:53 CET" time="31.199" errors="0">
  <testcase name="basicLoginTest" time="16.614" classname="tests.LoginTest"/>
  <testcase name="tableLoginTest" time="14.585" classname="tests.LoginTest"/>
</testsuite> <!-- tests.LoginTest -->
