<?xml version="1.0" encoding="UTF-8"?>
<!-- Generated by org.testng.reporters.JUnitReportReporter -->
<testsuite skipped="0" hostname="DESKTOP-8N103DC" name="tests.TravelsCarsImageTest" tests="1" failures="0" timestamp="2019-12-13T20:02:41 CET" time="24.349" errors="0">
  <testcase name="imageUpload" time="24.349" classname="tests.TravelsCarsImageTest"/>
</testsuite> <!-- tests.TravelsCarsImageTest -->
