<?xml version="1.0" encoding="UTF-8"?>
<!-- Generated by org.testng.reporters.JUnitReportReporter -->
<testsuite skipped="0" hostname="DESKTOP-8N103DC" name="testNG.DomaciEBay" tests="1" failures="0" timestamp="2019-11-23T15:00:48 CET" time="26.247" errors="0">
  <testcase name="ifShoes" time="26.247" classname="testNG.DomaciEBay"/>
</testsuite> <!-- testNG.DomaciEBay -->
