<?xml version="1.0" encoding="UTF-8"?>
<!-- Generated by org.testng.reporters.JUnitReportReporter -->
<testsuite skipped="0" hostname="DESKTOP-8N103DC" name="juzneVestiPOM.TestPageJV" tests="1" failures="0" timestamp="2019-11-28T18:08:33 CET" time="51.082" errors="0">
  <testcase name="basicLogin" time="51.082" classname="juzneVestiPOM.TestPageJV"/>
</testsuite> <!-- juzneVestiPOM.TestPageJV -->
